media/lib_album/album_demo/build/intermediates/manifest_merge_blame_file/debug/manifest-merger-blame-debug-report.txt
1<?xml version="1.0" encoding="utf-8"?>
2<!--
3  Copyright 2017 Zhihu Inc.
4
5  Licensed under the Apache License, Version 2.0 (the "License");
6  you may not use this file except in compliance with the License.
7  You may obtain a copy of the License at
8
9  http://www.apache.org/licenses/LICENSE-2.0
10
11  Unless required by applicable law or agreed to in writing, software
12  distributed under the License is distributed on an "AS IS" BASIS,
13  WITHOUT WARRANTIES OR CONDITIONS OF ANY KIND, either express or implied.
14  See the License for the specific language governing permissions and
15  limitations under the License.
16-->
17<manifest xmlns:android="http://schemas.android.com/apk/res/android"
18    package="com.xxf.media.album.sample"
19    android:versionCode="1"
20    android:versionName="1.0" >
21
22    <uses-sdk
23        android:minSdkVersion="21"
23-->src\main\AndroidManifest.xml
24        android:targetSdkVersion="31" />
24-->src\main\AndroidManifest.xml
25
26    <uses-permission android:name="android.permission.WRITE_EXTERNAL_STORAGE" />
26-->[:media:lib_album] AndroidManifest.xml:24:5-81
26-->[:media:lib_album] AndroidManifest.xml:24:22-78
27    <uses-permission android:name="android.permission.READ_EXTERNAL_STORAGE" />
27-->[:media:lib_album] AndroidManifest.xml:25:5-80
27-->[:media:lib_album] AndroidManifest.xml:25:22-77
28    <uses-permission android:name="android.permission.CAMERA" /> <!-- 安装app -->
28-->[:media:lib_album] AndroidManifest.xml:26:5-65
28-->[:media:lib_album] AndroidManifest.xml:26:22-62
29    <uses-permission android:name="android.permission.REQUEST_INSTALL_PACKAGES" /> <!-- 卸载app -->
29-->[:lib_utils] AndroidManifest.xml:10:5-83
29-->[:lib_utils] AndroidManifest.xml:10:22-80
30    <uses-permission android:name="android.permission.REQUEST_DELETE_PACKAGES" /> <!-- 静默安装app -->
30-->[:lib_utils] AndroidManifest.xml:12:5-82
30-->[:lib_utils] AndroidManifest.xml:12:22-79
31    <uses-permission android:name="android.permission.INSTALL_PACKAGES" /> <!-- 静默卸载app -->
31-->[:lib_utils] AndroidManifest.xml:14:5-16:47
31-->[:lib_utils] AndroidManifest.xml:15:9-59
32    <uses-permission android:name="android.permission.DELETE_PACKAGES" />
32-->[:lib_utils] AndroidManifest.xml:18:5-20:47
32-->[:lib_utils] AndroidManifest.xml:19:9-58
33
34    <application
34-->src\main\AndroidManifest.xml:20:5-35:19
35        android:allowBackup="true"
35-->src\main\AndroidManifest.xml:21:9-35
36        android:appComponentFactory="androidx.core.app.CoreComponentFactory"
36-->[androidx.core:core:1.8.0] AndroidManifest.xml:24:18-86
37        android:debuggable="true"
38        android:icon="@mipmap/ic_launcher"
38-->src\main\AndroidManifest.xml:22:9-43
39        android:label="@string/app_name"
39-->src\main\AndroidManifest.xml:23:9-41
40        android:testOnly="true"
41        android:theme="@style/AppTheme" >
41-->src\main\AndroidManifest.xml:24:9-40
42        <activity
42-->src\main\AndroidManifest.xml:25:9-34:20
43            android:name="com.xxf.media.album.sample.SampleActivity"
43-->src\main\AndroidManifest.xml:26:13-43
44            android:configChanges="orientation|screenSize|keyboardHidden"
44-->src\main\AndroidManifest.xml:27:13-74
45            android:exported="true" >
45-->src\main\AndroidManifest.xml:28:13-36
46            <intent-filter>
46-->src\main\AndroidManifest.xml:29:13-33:29
47                <action android:name="android.intent.action.MAIN" />
47-->src\main\AndroidManifest.xml:30:17-68
47-->src\main\AndroidManifest.xml:30:25-66
48
49                <category android:name="android.intent.category.LAUNCHER" />
49-->src\main\AndroidManifest.xml:32:17-76
49-->src\main\AndroidManifest.xml:32:27-74
50            </intent-filter>
51        </activity>
52        <activity android:name="com.xxf.media.album.ui.AlbumActivity" />
52-->[:media:lib_album] AndroidManifest.xml:29:9-73
52-->[:media:lib_album] AndroidManifest.xml:29:19-70
53        <activity android:name="com.xxf.media.album.internal.ui.AlbumPreviewActivity" />
53-->[:media:lib_album] AndroidManifest.xml:30:9-89
53-->[:media:lib_album] AndroidManifest.xml:30:19-86
54        <activity android:name="com.xxf.media.album.internal.ui.SelectedPreviewActivity" />
54-->[:media:lib_album] AndroidManifest.xml:31:9-92
54-->[:media:lib_album] AndroidManifest.xml:31:19-89
55
56        <provider
56-->[:lib_fileprovider] AndroidManifest.xml:10:9-18:20
57            android:name="androidx.core.content.FileProvider"
57-->[:lib_fileprovider] AndroidManifest.xml:11:13-62
58            android:authorities="com.xxf.media.album.sample.android7.fileprovider"
58-->[:lib_fileprovider] AndroidManifest.xml:12:13-73
59            android:exported="false"
59-->[:lib_fileprovider] AndroidManifest.xml:13:13-37
60            android:grantUriPermissions="true" >
60-->[:lib_fileprovider] AndroidManifest.xml:14:13-47
61            <meta-data
61-->[:lib_fileprovider] AndroidManifest.xml:15:13-17:54
62                android:name="android.support.FILE_PROVIDER_PATHS"
62-->[:lib_fileprovider] AndroidManifest.xml:16:17-67
63                android:resource="@xml/file_paths" />
63-->[:lib_fileprovider] AndroidManifest.xml:17:17-51
64        </provider>
65        <provider
65-->[:lib_activityresult] AndroidManifest.xml:11:9-19:20
66            android:name="androidx.startup.InitializationProvider"
66-->[:lib_activityresult] AndroidManifest.xml:12:13-67
67            android:authorities="com.xxf.media.album.sample.androidx-startup"
67-->[:lib_activityresult] AndroidManifest.xml:13:13-68
68            android:exported="false" >
68-->[:lib_activityresult] AndroidManifest.xml:14:13-37
69            <meta-data
69-->[:lib_activityresult] AndroidManifest.xml:16:13-18:52
70                android:name="com.xxf.activityresult.ActivityResultAutoInitializer"
70-->[:lib_activityresult] AndroidManifest.xml:17:17-84
71                android:value="androidx.startup" />
71-->[:lib_activityresult] AndroidManifest.xml:18:17-49
72            <meta-data
72-->[:lib_application] AndroidManifest.xml:16:13-18:52
73                android:name="com.xxf.application.initializer.ApplicationInitializer"
73-->[:lib_application] AndroidManifest.xml:17:17-86
74                android:value="androidx.startup" />
74-->[:lib_application] AndroidManifest.xml:18:17-49
75        </provider>
76    </application>
77
78</manifest>